Сборка начата 11.10.2015 23:40:59.
     1>Проект "C:\Users\hellb\Documents\Visual Studio 2015\Projects\ConcurrencyThreadTricks\ConcurrencyThreadTricks\ConcurrencyThreadTricks.vcxproj" в узле 2 (целевые объекты Build).
     1>ClCompile:
         C:\Program Files (x86)\Microsoft Visual Studio 14.0\VC\bin\CL.exe /c /ZI /nologo /W3 /WX- /sdl /Od /Oy- /D _MBCS /Gm /EHsc /RTC1 /MDd /GS /fp:precise /Zc:wchar_t /Zc:forScope /Zc:inline /Fo"Debug\\" /Fd"Debug\vc140.pdb" /Gd /TP /analyze- /errorReport:prompt Source.cpp
         Source.cpp
     1>c:\program files (x86)\microsoft visual studio 14.0\vc\include\xmemory0(657): error C2280: "std::future<_Ty>::future(const std::future<_Ty> &)": предпринята попытка ссылки на удаленную функцию
                 with
                 [
                     _Ty=std::map<uint64_t,std::map<uint64_t,uint64_t,std::less<uint64_t>,std::allocator<std::pair<const uint64_t,uint64_t>>>,std::less<uint64_t>,std::allocator<std::pair<const uint64_t,std::map<uint64_t,uint64_t,std::less<uint64_t>,std::allocator<std::pair<const uint64_t,uint64_t>>>>>>
                 ]
         c:\program files (x86)\microsoft visual studio 14.0\vc\include\future(1153): note:  см. объявление "std::future<_Ty>::future"
                 with
                 [
                     _Ty=std::map<uint64_t,std::map<uint64_t,uint64_t,std::less<uint64_t>,std::allocator<std::pair<const uint64_t,uint64_t>>>,std::less<uint64_t>,std::allocator<std::pair<const uint64_t,std::map<uint64_t,uint64_t,std::less<uint64_t>,std::allocator<std::pair<const uint64_t,uint64_t>>>>>>
                 ]
         c:\program files (x86)\microsoft visual studio 14.0\vc\include\xmemory0(775): note: см. ссылку на создание экземпляров функции шаблон при компиляции "void std::allocator<_Other>::construct<_Objty,const _Ty&>(_Objty *,const _Ty &)"
                 with
                 [
                     _Other=std::_List_node<std::future<std::map<uint64_t,std::map<uint64_t,uint64_t,std::less<uint64_t>,std::allocator<std::pair<const uint64_t,uint64_t>>>,std::less<uint64_t>,std::allocator<std::pair<const uint64_t,std::map<uint64_t,uint64_t,std::less<uint64_t>,std::allocator<std::pair<const uint64_t,uint64_t>>>>>>>,void *>,
                     _Objty=std::future<std::map<uint64_t,std::map<uint64_t,uint64_t,std::less<uint64_t>,std::allocator<std::pair<const uint64_t,uint64_t>>>,std::less<uint64_t>,std::allocator<std::pair<const uint64_t,std::map<uint64_t,uint64_t,std::less<uint64_t>,std::allocator<std::pair<const uint64_t,uint64_t>>>>>>>,
                     _Ty=std::future<std::map<uint64_t,std::map<uint64_t,uint64_t,std::less<uint64_t>,std::allocator<std::pair<const uint64_t,uint64_t>>>,std::less<uint64_t>,std::allocator<std::pair<const uint64_t,std::map<uint64_t,uint64_t,std::less<uint64_t>,std::allocator<std::pair<const uint64_t,uint64_t>>>>>>>
                 ]
         c:\program files (x86)\microsoft visual studio 14.0\vc\include\xmemory0(775): note: см. ссылку на создание экземпляров функции шаблон при компиляции "void std::allocator<_Other>::construct<_Objty,const _Ty&>(_Objty *,const _Ty &)"
                 with
                 [
                     _Other=std::_List_node<std::future<std::map<uint64_t,std::map<uint64_t,uint64_t,std::less<uint64_t>,std::allocator<std::pair<const uint64_t,uint64_t>>>,std::less<uint64_t>,std::allocator<std::pair<const uint64_t,std::map<uint64_t,uint64_t,std::less<uint64_t>,std::allocator<std::pair<const uint64_t,uint64_t>>>>>>>,void *>,
                     _Objty=std::future<std::map<uint64_t,std::map<uint64_t,uint64_t,std::less<uint64_t>,std::allocator<std::pair<const uint64_t,uint64_t>>>,std::less<uint64_t>,std::allocator<std::pair<const uint64_t,std::map<uint64_t,uint64_t,std::less<uint64_t>,std::allocator<std::pair<const uint64_t,uint64_t>>>>>>>,
                     _Ty=std::future<std::map<uint64_t,std::map<uint64_t,uint64_t,std::less<uint64_t>,std::allocator<std::pair<const uint64_t,uint64_t>>>,std::less<uint64_t>,std::allocator<std::pair<const uint64_t,std::map<uint64_t,uint64_t,std::less<uint64_t>,std::allocator<std::pair<const uint64_t,uint64_t>>>>>>>
                 ]
         c:\program files (x86)\microsoft visual studio 14.0\vc\include\xmemory0(920): note: см. ссылку на создание экземпляров функции шаблон при компиляции "void std::allocator_traits<_Alloc>::construct<_Ty,const _Ty&>(std::allocator<_Other> &,_Objty *,const _Ty &)"
                 with
                 [
                     _Alloc=std::allocator<std::_List_node<std::future<std::map<uint64_t,std::map<uint64_t,uint64_t,std::less<uint64_t>,std::allocator<std::pair<const uint64_t,uint64_t>>>,std::less<uint64_t>,std::allocator<std::pair<const uint64_t,std::map<uint64_t,uint64_t,std::less<uint64_t>,std::allocator<std::pair<const uint64_t,uint64_t>>>>>>>,void *>>,
                     _Ty=std::future<std::map<uint64_t,std::map<uint64_t,uint64_t,std::less<uint64_t>,std::allocator<std::pair<const uint64_t,uint64_t>>>,std::less<uint64_t>,std::allocator<std::pair<const uint64_t,std::map<uint64_t,uint64_t,std::less<uint64_t>,std::allocator<std::pair<const uint64_t,uint64_t>>>>>>>,
                     _Other=std::_List_node<std::future<std::map<uint64_t,std::map<uint64_t,uint64_t,std::less<uint64_t>,std::allocator<std::pair<const uint64_t,uint64_t>>>,std::less<uint64_t>,std::allocator<std::pair<const uint64_t,std::map<uint64_t,uint64_t,std::less<uint64_t>,std::allocator<std::pair<const uint64_t,uint64_t>>>>>>>,void *>,
                     _Objty=std::future<std::map<uint64_t,std::map<uint64_t,uint64_t,std::less<uint64_t>,std::allocator<std::pair<const uint64_t,uint64_t>>>,std::less<uint64_t>,std::allocator<std::pair<const uint64_t,std::map<uint64_t,uint64_t,std::less<uint64_t>,std::allocator<std::pair<const uint64_t,uint64_t>>>>>>>
                 ]
         c:\program files (x86)\microsoft visual studio 14.0\vc\include\xmemory0(920): note: см. ссылку на создание экземпляров функции шаблон при компиляции "void std::allocator_traits<_Alloc>::construct<_Ty,const _Ty&>(std::allocator<_Other> &,_Objty *,const _Ty &)"
                 with
                 [
                     _Alloc=std::allocator<std::_List_node<std::future<std::map<uint64_t,std::map<uint64_t,uint64_t,std::less<uint64_t>,std::allocator<std::pair<const uint64_t,uint64_t>>>,std::less<uint64_t>,std::allocator<std::pair<const uint64_t,std::map<uint64_t,uint64_t,std::less<uint64_t>,std::allocator<std::pair<const uint64_t,uint64_t>>>>>>>,void *>>,
                     _Ty=std::future<std::map<uint64_t,std::map<uint64_t,uint64_t,std::less<uint64_t>,std::allocator<std::pair<const uint64_t,uint64_t>>>,std::less<uint64_t>,std::allocator<std::pair<const uint64_t,std::map<uint64_t,uint64_t,std::less<uint64_t>,std::allocator<std::pair<const uint64_t,uint64_t>>>>>>>,
                     _Other=std::_List_node<std::future<std::map<uint64_t,std::map<uint64_t,uint64_t,std::less<uint64_t>,std::allocator<std::pair<const uint64_t,uint64_t>>>,std::less<uint64_t>,std::allocator<std::pair<const uint64_t,std::map<uint64_t,uint64_t,std::less<uint64_t>,std::allocator<std::pair<const uint64_t,uint64_t>>>>>>>,void *>,
                     _Objty=std::future<std::map<uint64_t,std::map<uint64_t,uint64_t,std::less<uint64_t>,std::allocator<std::pair<const uint64_t,uint64_t>>>,std::less<uint64_t>,std::allocator<std::pair<const uint64_t,std::map<uint64_t,uint64_t,std::less<uint64_t>,std::allocator<std::pair<const uint64_t,uint64_t>>>>>>>
                 ]
         c:\program files (x86)\microsoft visual studio 14.0\vc\include\list(834): note: см. ссылку на создание экземпляров функции шаблон при компиляции "void std::_Wrap_alloc<std::allocator<_Other>>::construct<_Ty,const _Ty&>(_Ty *,const _Ty &)"
                 with
                 [
                     _Other=std::_List_node<std::future<std::map<uint64_t,std::map<uint64_t,uint64_t,std::less<uint64_t>,std::allocator<std::pair<const uint64_t,uint64_t>>>,std::less<uint64_t>,std::allocator<std::pair<const uint64_t,std::map<uint64_t,uint64_t,std::less<uint64_t>,std::allocator<std::pair<const uint64_t,uint64_t>>>>>>>,void *>,
                     _Ty=std::future<std::map<uint64_t,std::map<uint64_t,uint64_t,std::less<uint64_t>,std::allocator<std::pair<const uint64_t,uint64_t>>>,std::less<uint64_t>,std::allocator<std::pair<const uint64_t,std::map<uint64_t,uint64_t,std::less<uint64_t>,std::allocator<std::pair<const uint64_t,uint64_t>>>>>>>
                 ]
         c:\program files (x86)\microsoft visual studio 14.0\vc\include\list(834): note: см. ссылку на создание экземпляров функции шаблон при компиляции "void std::_Wrap_alloc<std::allocator<_Other>>::construct<_Ty,const _Ty&>(_Ty *,const _Ty &)"
                 with
                 [
                     _Other=std::_List_node<std::future<std::map<uint64_t,std::map<uint64_t,uint64_t,std::less<uint64_t>,std::allocator<std::pair<const uint64_t,uint64_t>>>,std::less<uint64_t>,std::allocator<std::pair<const uint64_t,std::map<uint64_t,uint64_t,std::less<uint64_t>,std::allocator<std::pair<const uint64_t,uint64_t>>>>>>>,void *>,
                     _Ty=std::future<std::map<uint64_t,std::map<uint64_t,uint64_t,std::less<uint64_t>,std::allocator<std::pair<const uint64_t,uint64_t>>>,std::less<uint64_t>,std::allocator<std::pair<const uint64_t,std::map<uint64_t,uint64_t,std::less<uint64_t>,std::allocator<std::pair<const uint64_t,uint64_t>>>>>>>
                 ]
         c:\program files (x86)\microsoft visual studio 14.0\vc\include\list(1062): note: см. ссылку на создание экземпляров функции шаблон при компиляции "std::_List_node<std::future<_Ty>,void *> *std::_List_buy<std::future<_Ty>,_Alloc>::_Buynode<const std::future<_Ty>&>(std::_List_node<std::future<_Ty>,void *> *,std::_List_node<std::future<_Ty>,void *> *,const std::future<_Ty> &)"
                 with
                 [
                     _Ty=std::map<uint64_t,std::map<uint64_t,uint64_t,std::less<uint64_t>,std::allocator<std::pair<const uint64_t,uint64_t>>>,std::less<uint64_t>,std::allocator<std::pair<const uint64_t,std::map<uint64_t,uint64_t,std::less<uint64_t>,std::allocator<std::pair<const uint64_t,uint64_t>>>>>>,
                     _Alloc=std::allocator<std::future<std::map<uint64_t,std::map<uint64_t,uint64_t,std::less<uint64_t>,std::allocator<std::pair<const uint64_t,uint64_t>>>,std::less<uint64_t>,std::allocator<std::pair<const uint64_t,std::map<uint64_t,uint64_t,std::less<uint64_t>,std::allocator<std::pair<const uint64_t,uint64_t>>>>>>>>
                 ]
         c:\program files (x86)\microsoft visual studio 14.0\vc\include\list(1062): note: см. ссылку на создание экземпляров функции шаблон при компиляции "std::_List_node<std::future<_Ty>,void *> *std::_List_buy<std::future<_Ty>,_Alloc>::_Buynode<const std::future<_Ty>&>(std::_List_node<std::future<_Ty>,void *> *,std::_List_node<std::future<_Ty>,void *> *,const std::future<_Ty> &)"
                 with
                 [
                     _Ty=std::map<uint64_t,std::map<uint64_t,uint64_t,std::less<uint64_t>,std::allocator<std::pair<const uint64_t,uint64_t>>>,std::less<uint64_t>,std::allocator<std::pair<const uint64_t,std::map<uint64_t,uint64_t,std::less<uint64_t>,std::allocator<std::pair<const uint64_t,uint64_t>>>>>>,
                     _Alloc=std::allocator<std::future<std::map<uint64_t,std::map<uint64_t,uint64_t,std::less<uint64_t>,std::allocator<std::pair<const uint64_t,uint64_t>>>,std::less<uint64_t>,std::allocator<std::pair<const uint64_t,std::map<uint64_t,uint64_t,std::less<uint64_t>,std::allocator<std::pair<const uint64_t,uint64_t>>>>>>>>
                 ]
         c:\program files (x86)\microsoft visual studio 14.0\vc\include\list(1289): note: см. ссылку на создание экземпляров функции шаблон при компиляции "void std::list<std::future<_Ty>,std::allocator<std::future<_Ty>>>::_Insert<const std::future<_Ty>&>(std::_List_unchecked_const_iterator<std::_List_val<std::_List_simple_types<std::future<_Ty>>>,std::_Iterator_base0>,const std::future<_Ty> &)"
                 with
                 [
                     _Ty=std::map<uint64_t,std::map<uint64_t,uint64_t,std::less<uint64_t>,std::allocator<std::pair<const uint64_t,uint64_t>>>,std::less<uint64_t>,std::allocator<std::pair<const uint64_t,std::map<uint64_t,uint64_t,std::less<uint64_t>,std::allocator<std::pair<const uint64_t,uint64_t>>>>>>
                 ]
         c:\program files (x86)\microsoft visual studio 14.0\vc\include\list(1289): note: см. ссылку на создание экземпляров функции шаблон при компиляции "void std::list<std::future<_Ty>,std::allocator<std::future<_Ty>>>::_Insert<const std::future<_Ty>&>(std::_List_unchecked_const_iterator<std::_List_val<std::_List_simple_types<std::future<_Ty>>>,std::_Iterator_base0>,const std::future<_Ty> &)"
                 with
                 [
                     _Ty=std::map<uint64_t,std::map<uint64_t,uint64_t,std::less<uint64_t>,std::allocator<std::pair<const uint64_t,uint64_t>>>,std::less<uint64_t>,std::allocator<std::pair<const uint64_t,std::map<uint64_t,uint64_t,std::less<uint64_t>,std::allocator<std::pair<const uint64_t,uint64_t>>>>>>
                 ]
         c:\program files (x86)\microsoft visual studio 14.0\vc\include\list(1288): note: при компиляции функции-члена "<Нет данных>" класса <Нет данных>
         c:\users\hellb\documents\visual studio 2015\projects\concurrencythreadtricks\concurrencythreadtricks\source.cpp(104): note: см. ссылку на создание экземпляров функции шаблон при компиляции "void std::list<std::future<_Ty>,std::allocator<std::future<_Ty>>>::push_back(const std::future<_Ty> &)"
                 with
                 [
                     _Ty=std::map<uint64_t,std::map<uint64_t,uint64_t,std::less<uint64_t>,std::allocator<std::pair<const uint64_t,uint64_t>>>,std::less<uint64_t>,std::allocator<std::pair<const uint64_t,std::map<uint64_t,uint64_t,std::less<uint64_t>,std::allocator<std::pair<const uint64_t,uint64_t>>>>>>
                 ]
         c:\users\hellb\documents\visual studio 2015\projects\concurrencythreadtricks\concurrencythreadtricks\source.cpp(96): note: см. ссылку на создание экземпляров класса шаблон при компиляции "std::list<std::future<_Ty>,std::allocator<std::future<_Ty>>>"
                 with
                 [
                     _Ty=std::map<uint64_t,std::map<uint64_t,uint64_t,std::less<uint64_t>,std::allocator<std::pair<const uint64_t,uint64_t>>>,std::less<uint64_t>,std::allocator<std::pair<const uint64_t,std::map<uint64_t,uint64_t,std::less<uint64_t>,std::allocator<std::pair<const uint64_t,uint64_t>>>>>>
                 ]
     1>Сборка проекта "C:\Users\hellb\Documents\Visual Studio 2015\Projects\ConcurrencyThreadTricks\ConcurrencyThreadTricks\ConcurrencyThreadTricks.vcxproj" завершена (целевые объекты Build) с ошибкой.

Ошибка сборки.

Затраченное время: 00:00:01.57
